This file contains any messages produced by compilers while
running configure, to aid debugging if configure makes a mistake.

It was created by configure, which was
generated by GNU Autoconf 2.69.  Invocation command line was

  $ ./configure --no-create --no-recursion

## --------- ##
## Platform. ##
## --------- ##

hostname = cis-gms-master-1
uname -m = x86_64
uname -r = 5.4.0-90-generic
uname -s = Linux
uname -v = #101-Ubuntu SMP Fri Oct 15 20:00:55 UTC 2021

/usr/bin/uname -p = x86_64
/bin/uname -X     = unknown

/bin/arch              = x86_64
/usr/bin/arch -k       = unknown
/usr/convex/getsysinfo = unknown
/usr/bin/hostinfo      = unknown
/bin/machine           = unknown
/usr/bin/oslevel       = unknown
/bin/universe          = unknown

PATH: /root/bin
PATH: /usr/local/sbin
PATH: /usr/local/bin
PATH: /usr/sbin
PATH: /usr/bin
PATH: /sbin
PATH: /bin
PATH: /usr/games
PATH: /usr/local/games
PATH: /snap/bin
PATH: /root/istio-1.10.1/bin


## ----------- ##
## Core tests. ##
## ----------- ##

configure:2217: result: Begining autoconfiguration process for thc-ssl-dos-1.4...
configure:2253: checking build system type
configure:2267: result: x86_64-unknown-linux-gnu
configure:2287: checking host system type
configure:2300: result: x86_64-unknown-linux-gnu
configure:2320: checking target system type
configure:2333: result: x86_64-unknown-linux-gnu
configure:2377: checking for a BSD-compatible install
configure:2445: result: /usr/bin/install -c
configure:2456: checking whether build environment is sane
configure:2506: result: yes
configure:2647: checking for a thread-safe mkdir -p
configure:2686: result: /usr/bin/mkdir -p
configure:2699: checking for gawk
configure:2715: found /usr/bin/gawk
configure:2726: result: gawk
configure:2737: checking whether make sets $(MAKE)
configure:2759: result: yes
configure:2890: checking for gcc
configure:2906: found /usr/bin/gcc
configure:2917: result: gcc
configure:3146: checking for C compiler version
configure:3155: gcc --version >&5
gcc (Ubuntu 9.3.0-17ubuntu1~20.04) 9.3.0
Copyright (C) 2019 Free Software Foundation, Inc.
This is free software; see the source for copying conditions.  There is NO
warranty; not even for MERCHANTABILITY or FITNESS FOR A PARTICULAR PURPOSE.

configure:3166: $? = 0
configure:3155: gcc -v >&5
Using built-in specs.
COLLECT_GCC=gcc
COLLECT_LTO_WRAPPER=/usr/lib/gcc/x86_64-linux-gnu/9/lto-wrapper
OFFLOAD_TARGET_NAMES=nvptx-none:hsa
OFFLOAD_TARGET_DEFAULT=1
Target: x86_64-linux-gnu
Configured with: ../src/configure -v --with-pkgversion='Ubuntu 9.3.0-17ubuntu1~20.04' --with-bugurl=file:///usr/share/doc/gcc-9/README.Bugs --enable-languages=c,ada,c++,go,brig,d,fortran,objc,obj-c++,gm2 --prefix=/usr --with-gcc-major-version-only --program-suffix=-9 --program-prefix=x86_64-linux-gnu- --enable-shared --enable-linker-build-id --libexecdir=/usr/lib --without-included-gettext --enable-threads=posix --libdir=/usr/lib --enable-nls --enable-clocale=gnu --enable-libstdcxx-debug --enable-libstdcxx-time=yes --with-default-libstdcxx-abi=new --enable-gnu-unique-object --disable-vtable-verify --enable-plugin --enable-default-pie --with-system-zlib --with-target-system-zlib=auto --enable-objc-gc=auto --enable-multiarch --disable-werror --with-arch-32=i686 --with-abi=m64 --with-multilib-list=m32,m64,mx32 --enable-multilib --with-tune=generic --enable-offload-targets=nvptx-none=/build/gcc-9-HskZEa/gcc-9-9.3.0/debian/tmp-nvptx/usr,hsa --without-cuda-driver --enable-checking=release --build=x86_64-linux-gnu --host=x86_64-linux-gnu --target=x86_64-linux-gnu
Thread model: posix
gcc version 9.3.0 (Ubuntu 9.3.0-17ubuntu1~20.04) 
configure:3166: $? = 0
configure:3155: gcc -V >&5
gcc: error: unrecognized command line option '-V'
gcc: fatal error: no input files
compilation terminated.
configure:3166: $? = 1
configure:3155: gcc -qversion >&5
gcc: error: unrecognized command line option '-qversion'; did you mean '--version'?
gcc: fatal error: no input files
compilation terminated.
configure:3166: $? = 1
configure:3186: checking whether the C compiler works
configure:3208: gcc    conftest.c  >&5
configure:3212: $? = 0
configure:3260: result: yes
configure:3263: checking for C compiler default output file name
configure:3265: result: a.out
configure:3271: checking for suffix of executables
configure:3278: gcc -o conftest    conftest.c  >&5
configure:3282: $? = 0
configure:3304: result: 
configure:3326: checking whether we are cross compiling
configure:3334: gcc -o conftest    conftest.c  >&5
configure:3338: $? = 0
configure:3345: ./conftest
configure:3349: $? = 0
configure:3337: result: no
configure:3342: checking for suffix of object files
configure:3364: gcc -c   conftest.c >&5
configure:3368: $? = 0
configure:3389: result: o
configure:3393: checking whether we are using the GNU C compiler
configure:3412: gcc -c   conftest.c >&5
configure:3412: $? = 0
configure:3421: result: yes
configure:3430: checking whether gcc accepts -g
configure:3450: gcc -c -g  conftest.c >&5
configure:3450: $? = 0
configure:3491: result: yes
configure:3508: checking for gcc option to accept ISO C89
configure:3571: gcc  -c -g -O2  conftest.c >&5
configure:3571: $? = 0
configure:3584: result: none needed
configure:3615: checking for style of include used by make
configure:3643: result: GNU
configure:3668: checking dependency style of gcc
configure:3778: result: gcc3
configure:3837: checking for ranlib
configure:3853: found /usr/bin/ranlib
configure:3864: result: ranlib
configure:3887: checking for an ANSI C-conforming const
configure:3953: gcc -c -g -O2  conftest.c >&5
configure:3953: $? = 0
configure:3960: result: yes
configure:4023: checking whether to compile a static binary
configure:4035: result: no
configure:4048: checking whether to compile with DEBUG flag
configure:4060: result: no
configure:4067: checking for /dev/urandom
configure:4080: result: yes
configure:4090: checking for socket in -lsocket
configure:4115: gcc -o conftest -O2 -Wall  -I/usr/local/include  -L./  -L/usr/local/lib  conftest.c -lsocket   >&5
/usr/bin/ld: cannot find -lsocket
collect2: error: ld returned 1 exit status
configure:4115: $? = 1
configure: failed program was:
| /* confdefs.h */
| #define PACKAGE_NAME ""
| #define PACKAGE_TARNAME ""
| #define PACKAGE_VERSION ""
| #define PACKAGE_STRING ""
| #define PACKAGE_BUGREPORT ""
| #define PACKAGE_URL ""
| #define PACKAGE "thc-ssl-dos"
| #define VERSION "1.4"
| #define HAVE_DEVURANDOM 1
| /* end confdefs.h.  */
| 
| /* Override any GCC internal prototype to avoid an error.
|    Use char because int might match the return type of a GCC
|    builtin and then its argument prototype would still apply.  */
| #ifdef __cplusplus
| extern "C"
| #endif
| char socket ();
| int
| main ()
| {
| return socket ();
|   ;
|   return 0;
| }
configure:4124: result: no
configure:4135: checking for gethostbyname in -lnsl
configure:4160: gcc -o conftest -O2 -Wall  -I/usr/local/include  -L./  -L/usr/local/lib  conftest.c -lnsl   >&5
configure:4160: $? = 0
configure:4169: result: yes
configure:4181: checking for DH_free in -lcrypto
configure:4206: gcc -o conftest -O2 -Wall  -I/usr/local/include  -L./  -L/usr/local/lib  conftest.c -lcrypto  -lnsl  >&5
configure:4206: $? = 0
configure:4215: result: yes
configure:4228: checking for BIO_new_ssl in -lssl
configure:4253: gcc -o conftest -O2 -Wall  -I/usr/local/include  -L./  -L/usr/local/lib  conftest.c -lssl  -lcrypto -lnsl  >&5
configure:4253: $? = 0
configure:4262: result: yes
configure:4276: checking OpenSSL library version
configure:4296: gcc -o conftest -O2 -Wall  -I/usr/local/include  -L./  -L/usr/local/lib  conftest.c -lssl -lcrypto -lnsl  >&5
configure:4296: $? = 0
configure:4296: ./conftest
configure:4296: $? = 0
configure:4297: result: ok
configure:4315: checking how to run the C preprocessor
configure:4346: gcc -E  -I/usr/local/include  conftest.c
configure:4346: $? = 0
configure:4360: gcc -E  -I/usr/local/include  conftest.c
conftest.c:15:10: fatal error: ac_nonexistent.h: No such file or directory
   15 | #include <ac_nonexistent.h>
      |          ^~~~~~~~~~~~~~~~~~
compilation terminated.
configure:4360: $? = 1
configure: failed program was:
| /* confdefs.h */
| #define PACKAGE_NAME ""
| #define PACKAGE_TARNAME ""
| #define PACKAGE_VERSION ""
| #define PACKAGE_STRING ""
| #define PACKAGE_BUGREPORT ""
| #define PACKAGE_URL ""
| #define PACKAGE "thc-ssl-dos"
| #define VERSION "1.4"
| #define HAVE_DEVURANDOM 1
| #define HAVE_LIBNSL 1
| #define HAVE_LIBCRYPTO 1
| #define HAVE_LIBSSL 1
| /* end confdefs.h.  */
| #include <ac_nonexistent.h>
configure:4385: result: gcc -E
configure:4405: gcc -E  -I/usr/local/include  conftest.c
configure:4405: $? = 0
configure:4419: gcc -E  -I/usr/local/include  conftest.c
conftest.c:15:10: fatal error: ac_nonexistent.h: No such file or directory
   15 | #include <ac_nonexistent.h>
      |          ^~~~~~~~~~~~~~~~~~
compilation terminated.
configure:4419: $? = 1
configure: failed program was:
| /* confdefs.h */
| #define PACKAGE_NAME ""
| #define PACKAGE_TARNAME ""
| #define PACKAGE_VERSION ""
| #define PACKAGE_STRING ""
| #define PACKAGE_BUGREPORT ""
| #define PACKAGE_URL ""
| #define PACKAGE "thc-ssl-dos"
| #define VERSION "1.4"
| #define HAVE_DEVURANDOM 1
| #define HAVE_LIBNSL 1
| #define HAVE_LIBCRYPTO 1
| #define HAVE_LIBSSL 1
| /* end confdefs.h.  */
| #include <ac_nonexistent.h>
configure:4448: checking for grep that handles long lines and -e
configure:4506: result: /usr/bin/grep
configure:4511: checking for egrep
configure:4573: result: /usr/bin/grep -E
configure:4578: checking for ANSI C header files
configure:4598: gcc -c -O2 -Wall  -I/usr/local/include  conftest.c >&5
configure:4598: $? = 0
configure:4671: gcc -o conftest -O2 -Wall  -I/usr/local/include  -L./  -L/usr/local/lib  conftest.c -lssl -lcrypto -lnsl  >&5
configure:4671: $? = 0
configure:4671: ./conftest
configure:4671: $? = 0
configure:4682: result: yes
configure:4690: checking for sys/wait.h that is POSIX.1 compatible
configure:4716: gcc -c -O2 -Wall  -I/usr/local/include  conftest.c >&5
configure:4716: $? = 0
configure:4723: result: yes
configure:4736: checking for sys/types.h
configure:4736: gcc -c -O2 -Wall  -I/usr/local/include  conftest.c >&5
configure:4736: $? = 0
configure:4736: result: yes
configure:4736: checking for sys/stat.h
configure:4736: gcc -c -O2 -Wall  -I/usr/local/include  conftest.c >&5
configure:4736: $? = 0
configure:4736: result: yes
configure:4736: checking for stdlib.h
configure:4736: gcc -c -O2 -Wall  -I/usr/local/include  conftest.c >&5
configure:4736: $? = 0
configure:4736: result: yes
configure:4736: checking for string.h
configure:4736: gcc -c -O2 -Wall  -I/usr/local/include  conftest.c >&5
configure:4736: $? = 0
configure:4736: result: yes
configure:4736: checking for memory.h
configure:4736: gcc -c -O2 -Wall  -I/usr/local/include  conftest.c >&5
configure:4736: $? = 0
configure:4736: result: yes
configure:4736: checking for strings.h
configure:4736: gcc -c -O2 -Wall  -I/usr/local/include  conftest.c >&5
configure:4736: $? = 0
configure:4736: result: yes
configure:4736: checking for inttypes.h
configure:4736: gcc -c -O2 -Wall  -I/usr/local/include  conftest.c >&5
configure:4736: $? = 0
configure:4736: result: yes
configure:4736: checking for stdint.h
configure:4736: gcc -c -O2 -Wall  -I/usr/local/include  conftest.c >&5
configure:4736: $? = 0
configure:4736: result: yes
configure:4736: checking for unistd.h
configure:4736: gcc -c -O2 -Wall  -I/usr/local/include  conftest.c >&5
configure:4736: $? = 0
configure:4736: result: yes
configure:4751: checking sys/time.h usability
configure:4751: gcc -c -O2 -Wall  -I/usr/local/include  conftest.c >&5
configure:4751: $? = 0
configure:4751: result: yes
configure:4751: checking sys/time.h presence
configure:4751: gcc -E  -I/usr/local/include  conftest.c
configure:4751: $? = 0
configure:4751: result: yes
configure:4751: checking for sys/time.h
configure:4751: result: yes
configure:4751: checking for unistd.h
configure:4751: result: yes
configure:4751: checking for string.h
configure:4751: result: yes
configure:4762: checking for an ANSI C-conforming const
configure:4835: result: yes
configure:4843: checking whether time.h and sys/time.h may both be included
configure:4863: gcc -c -O2 -Wall  -I/usr/local/include  conftest.c >&5
configure:4863: $? = 0
configure:4870: result: yes
configure:4879: checking for working memcmp
configure:4922: gcc -o conftest -O2 -Wall  -I/usr/local/include  -L./  -L/usr/local/lib  conftest.c -lssl -lcrypto -lnsl  >&5
configure:4922: $? = 0
configure:4922: ./conftest
configure:4922: $? = 0
configure:4932: result: yes
configure:4942: checking for size_t
configure:4942: gcc -c -O2 -Wall  -I/usr/local/include  conftest.c >&5
configure:4942: $? = 0
configure:4942: gcc -c -O2 -Wall  -I/usr/local/include  conftest.c >&5
conftest.c: In function 'main':
conftest.c:66:21: error: expected expression before ')' token
   66 | if (sizeof ((size_t)))
      |                     ^
configure:4942: $? = 1
configure: failed program was:
| /* confdefs.h */
| #define PACKAGE_NAME ""
| #define PACKAGE_TARNAME ""
| #define PACKAGE_VERSION ""
| #define PACKAGE_STRING ""
| #define PACKAGE_BUGREPORT ""
| #define PACKAGE_URL ""
| #define PACKAGE "thc-ssl-dos"
| #define VERSION "1.4"
| #define HAVE_DEVURANDOM 1
| #define HAVE_LIBNSL 1
| #define HAVE_LIBCRYPTO 1
| #define HAVE_LIBSSL 1
| #define STDC_HEADERS 1
| #define HAVE_SYS_WAIT_H 1
| #define HAVE_SYS_TYPES_H 1
| #define HAVE_SYS_STAT_H 1
| #define HAVE_STDLIB_H 1
| #define HAVE_STRING_H 1
| #define HAVE_MEMORY_H 1
| #define HAVE_STRINGS_H 1
| #define HAVE_INTTYPES_H 1
| #define HAVE_STDINT_H 1
| #define HAVE_UNISTD_H 1
| #define HAVE_SYS_TIME_H 1
| #define HAVE_UNISTD_H 1
| #define HAVE_STRING_H 1
| #define TIME_WITH_SYS_TIME 1
| /* end confdefs.h.  */
| #include <stdio.h>
| #ifdef HAVE_SYS_TYPES_H
| # include <sys/types.h>
| #endif
| #ifdef HAVE_SYS_STAT_H
| # include <sys/stat.h>
| #endif
| #ifdef STDC_HEADERS
| # include <stdlib.h>
| # include <stddef.h>
| #else
| # ifdef HAVE_STDLIB_H
| #  include <stdlib.h>
| # endif
| #endif
| #ifdef HAVE_STRING_H
| # if !defined STDC_HEADERS && defined HAVE_MEMORY_H
| #  include <memory.h>
| # endif
| # include <string.h>
| #endif
| #ifdef HAVE_STRINGS_H
| # include <strings.h>
| #endif
| #ifdef HAVE_INTTYPES_H
| # include <inttypes.h>
| #endif
| #ifdef HAVE_STDINT_H
| # include <stdint.h>
| #endif
| #ifdef HAVE_UNISTD_H
| # include <unistd.h>
| #endif
| int
| main ()
| {
| if (sizeof ((size_t)))
| 	    return 0;
|   ;
|   return 0;
| }
configure:4942: result: yes
configure:4953: checking for u_int32_t
configure:4953: gcc -c -O2 -Wall  -I/usr/local/include  conftest.c >&5
configure:4953: $? = 0
configure:4953: gcc -c -O2 -Wall  -I/usr/local/include  conftest.c >&5
conftest.c: In function 'main':
conftest.c:66:24: error: expected expression before ')' token
   66 | if (sizeof ((u_int32_t)))
      |                        ^
configure:4953: $? = 1
configure: failed program was:
| /* confdefs.h */
| #define PACKAGE_NAME ""
| #define PACKAGE_TARNAME ""
| #define PACKAGE_VERSION ""
| #define PACKAGE_STRING ""
| #define PACKAGE_BUGREPORT ""
| #define PACKAGE_URL ""
| #define PACKAGE "thc-ssl-dos"
| #define VERSION "1.4"
| #define HAVE_DEVURANDOM 1
| #define HAVE_LIBNSL 1
| #define HAVE_LIBCRYPTO 1
| #define HAVE_LIBSSL 1
| #define STDC_HEADERS 1
| #define HAVE_SYS_WAIT_H 1
| #define HAVE_SYS_TYPES_H 1
| #define HAVE_SYS_STAT_H 1
| #define HAVE_STDLIB_H 1
| #define HAVE_STRING_H 1
| #define HAVE_MEMORY_H 1
| #define HAVE_STRINGS_H 1
| #define HAVE_INTTYPES_H 1
| #define HAVE_STDINT_H 1
| #define HAVE_UNISTD_H 1
| #define HAVE_SYS_TIME_H 1
| #define HAVE_UNISTD_H 1
| #define HAVE_STRING_H 1
| #define TIME_WITH_SYS_TIME 1
| /* end confdefs.h.  */
| #include <stdio.h>
| #ifdef HAVE_SYS_TYPES_H
| # include <sys/types.h>
| #endif
| #ifdef HAVE_SYS_STAT_H
| # include <sys/stat.h>
| #endif
| #ifdef STDC_HEADERS
| # include <stdlib.h>
| # include <stddef.h>
| #else
| # ifdef HAVE_STDLIB_H
| #  include <stdlib.h>
| # endif
| #endif
| #ifdef HAVE_STRING_H
| # if !defined STDC_HEADERS && defined HAVE_MEMORY_H
| #  include <memory.h>
| # endif
| # include <string.h>
| #endif
| #ifdef HAVE_STRINGS_H
| # include <strings.h>
| #endif
| #ifdef HAVE_INTTYPES_H
| # include <inttypes.h>
| #endif
| #ifdef HAVE_STDINT_H
| # include <stdint.h>
| #endif
| #ifdef HAVE_UNISTD_H
| # include <unistd.h>
| #endif
| int
| main ()
| {
| if (sizeof ((u_int32_t)))
| 	    return 0;
|   ;
|   return 0;
| }
configure:4953: result: yes
configure:4963: checking for uint32_t
configure:4963: gcc -c -O2 -Wall  -I/usr/local/include  conftest.c >&5
configure:4963: $? = 0
configure:4963: gcc -c -O2 -Wall  -I/usr/local/include  conftest.c >&5
conftest.c: In function 'main':
conftest.c:67:23: error: expected expression before ')' token
   67 | if (sizeof ((uint32_t)))
      |                       ^
configure:4963: $? = 1
configure: failed program was:
| /* confdefs.h */
| #define PACKAGE_NAME ""
| #define PACKAGE_TARNAME ""
| #define PACKAGE_VERSION ""
| #define PACKAGE_STRING ""
| #define PACKAGE_BUGREPORT ""
| #define PACKAGE_URL ""
| #define PACKAGE "thc-ssl-dos"
| #define VERSION "1.4"
| #define HAVE_DEVURANDOM 1
| #define HAVE_LIBNSL 1
| #define HAVE_LIBCRYPTO 1
| #define HAVE_LIBSSL 1
| #define STDC_HEADERS 1
| #define HAVE_SYS_WAIT_H 1
| #define HAVE_SYS_TYPES_H 1
| #define HAVE_SYS_STAT_H 1
| #define HAVE_STDLIB_H 1
| #define HAVE_STRING_H 1
| #define HAVE_MEMORY_H 1
| #define HAVE_STRINGS_H 1
| #define HAVE_INTTYPES_H 1
| #define HAVE_STDINT_H 1
| #define HAVE_UNISTD_H 1
| #define HAVE_SYS_TIME_H 1
| #define HAVE_UNISTD_H 1
| #define HAVE_STRING_H 1
| #define TIME_WITH_SYS_TIME 1
| #define HAVE_U_INT32_T 1
| /* end confdefs.h.  */
| #include <stdio.h>
| #ifdef HAVE_SYS_TYPES_H
| # include <sys/types.h>
| #endif
| #ifdef HAVE_SYS_STAT_H
| # include <sys/stat.h>
| #endif
| #ifdef STDC_HEADERS
| # include <stdlib.h>
| # include <stddef.h>
| #else
| # ifdef HAVE_STDLIB_H
| #  include <stdlib.h>
| # endif
| #endif
| #ifdef HAVE_STRING_H
| # if !defined STDC_HEADERS && defined HAVE_MEMORY_H
| #  include <memory.h>
| # endif
| # include <string.h>
| #endif
| #ifdef HAVE_STRINGS_H
| # include <strings.h>
| #endif
| #ifdef HAVE_INTTYPES_H
| # include <inttypes.h>
| #endif
| #ifdef HAVE_STDINT_H
| # include <stdint.h>
| #endif
| #ifdef HAVE_UNISTD_H
| # include <unistd.h>
| #endif
| int
| main ()
| {
| if (sizeof ((uint32_t)))
| 	    return 0;
|   ;
|   return 0;
| }
configure:4963: result: yes
configure:4977: checking for gettimeofday
configure:4977: gcc -o conftest -O2 -Wall  -I/usr/local/include  -L./  -L/usr/local/lib  conftest.c -lssl -lcrypto -lnsl  >&5
configure:4977: $? = 0
configure:4977: result: yes
configure:4977: checking for memcpy
configure:4977: gcc -o conftest -O2 -Wall  -I/usr/local/include  -L./  -L/usr/local/lib  conftest.c -lssl -lcrypto -lnsl  >&5
conftest.c:56:6: warning: conflicting types for built-in function 'memcpy'; expected 'void *(void *, const void *, long unsigned int)' [-Wbuiltin-declaration-mismatch]
   56 | char memcpy ();
      |      ^~~~~~
conftest.c:44:1: note: 'memcpy' is declared in header '<string.h>'
   43 | # include <limits.h>
   44 | #else
configure:4977: $? = 0
configure:4977: result: yes
configure:4977: checking for strchr
configure:4977: gcc -o conftest -O2 -Wall  -I/usr/local/include  -L./  -L/usr/local/lib  conftest.c -lssl -lcrypto -lnsl  >&5
conftest.c:57:6: warning: conflicting types for built-in function 'strchr'; expected 'char *(const char *, int)' [-Wbuiltin-declaration-mismatch]
   57 | char strchr ();
      |      ^~~~~~
conftest.c:45:1: note: 'strchr' is declared in header '<string.h>'
   44 | # include <limits.h>
   45 | #else
configure:4977: $? = 0
configure:4977: result: yes
configure:4977: checking for snprintf
configure:4977: gcc -o conftest -O2 -Wall  -I/usr/local/include  -L./  -L/usr/local/lib  conftest.c -lssl -lcrypto -lnsl  >&5
conftest.c:58:6: warning: conflicting types for built-in function 'snprintf'; expected 'int(char *, long unsigned int,  const char *, ...)' [-Wbuiltin-declaration-mismatch]
   58 | char snprintf ();
      |      ^~~~~~~~
conftest.c:46:1: note: 'snprintf' is declared in header '<stdio.h>'
   45 | # include <limits.h>
   46 | #else
configure:4977: $? = 0
configure:4977: result: yes
configure:4977: checking for vsnprintf
configure:4977: gcc -o conftest -O2 -Wall  -I/usr/local/include  -L./  -L/usr/local/lib  conftest.c -lssl -lcrypto -lnsl  >&5
conftest.c:59:6: warning: conflicting types for built-in function 'vsnprintf'; expected 'int(char *, long unsigned int,  const char *, __va_list_tag *)' [-Wbuiltin-declaration-mismatch]
   59 | char vsnprintf ();
      |      ^~~~~~~~~
conftest.c:47:1: note: 'vsnprintf' is declared in header '<stdio.h>'
   46 | # include <limits.h>
   47 | #else
configure:4977: $? = 0
configure:4977: result: yes
configure:5123: creating ./config.status

## ---------------- ##
## Cache variables. ##
## ---------------- ##

ac_cv_build=x86_64-unknown-linux-gnu
ac_cv_c_compiler_gnu=yes
ac_cv_c_const=yes
ac_cv_env_CC_set=
ac_cv_env_CC_value=
ac_cv_env_CFLAGS_set=
ac_cv_env_CFLAGS_value=
ac_cv_env_CPPFLAGS_set=
ac_cv_env_CPPFLAGS_value=
ac_cv_env_CPP_set=
ac_cv_env_CPP_value=
ac_cv_env_LDFLAGS_set=
ac_cv_env_LDFLAGS_value=
ac_cv_env_LIBS_set=
ac_cv_env_LIBS_value=
ac_cv_env_build_alias_set=
ac_cv_env_build_alias_value=
ac_cv_env_host_alias_set=
ac_cv_env_host_alias_value=
ac_cv_env_target_alias_set=
ac_cv_env_target_alias_value=
ac_cv_file__dev_urandom=yes
ac_cv_func_gettimeofday=yes
ac_cv_func_memcmp_working=yes
ac_cv_func_memcpy=yes
ac_cv_func_snprintf=yes
ac_cv_func_strchr=yes
ac_cv_func_vsnprintf=yes
ac_cv_header_inttypes_h=yes
ac_cv_header_memory_h=yes
ac_cv_header_stdc=yes
ac_cv_header_stdint_h=yes
ac_cv_header_stdlib_h=yes
ac_cv_header_string_h=yes
ac_cv_header_strings_h=yes
ac_cv_header_sys_stat_h=yes
ac_cv_header_sys_time_h=yes
ac_cv_header_sys_types_h=yes
ac_cv_header_sys_wait_h=yes
ac_cv_header_time=yes
ac_cv_header_unistd_h=yes
ac_cv_host=x86_64-unknown-linux-gnu
ac_cv_lib_crypto_DH_free=yes
ac_cv_lib_nsl_gethostbyname=yes
ac_cv_lib_socket_socket=no
ac_cv_lib_ssl_BIO_new_ssl=yes
ac_cv_objext=o
ac_cv_path_EGREP='/usr/bin/grep -E'
ac_cv_path_GREP=/usr/bin/grep
ac_cv_path_install='/usr/bin/install -c'
ac_cv_path_mkdir=/usr/bin/mkdir
ac_cv_prog_AWK=gawk
ac_cv_prog_CPP='gcc -E'
ac_cv_prog_ac_ct_CC=gcc
ac_cv_prog_ac_ct_RANLIB=ranlib
ac_cv_prog_cc_c89=
ac_cv_prog_cc_g=yes
ac_cv_prog_make_make_set=yes
ac_cv_target=x86_64-unknown-linux-gnu
ac_cv_type_size_t=yes
ac_cv_type_u_int32_t=yes
ac_cv_type_uint32_t=yes
am_cv_CC_dependencies_compiler_type=gcc3

## ----------------- ##
## Output variables. ##
## ----------------- ##

ACLOCAL='${SHELL} /root/thc-tls-dos/config/missing --run aclocal-1.11'
AMDEPBACKSLASH='\'
AMDEP_FALSE='#'
AMDEP_TRUE=''
AMTAR='${SHELL} /root/thc-tls-dos/config/missing --run tar'
AUTOCONF='${SHELL} /root/thc-tls-dos/config/missing --run autoconf'
AUTOHEADER='${SHELL} /root/thc-tls-dos/config/missing --run autoheader'
AUTOMAKE='${SHELL} /root/thc-tls-dos/config/missing --run automake-1.11'
AWK='gawk'
CC='gcc'
CCDEPMODE='depmode=gcc3'
CFLAGS='-O2 -Wall'
CPP='gcc -E'
CPPFLAGS=' -I/usr/local/include '
CYGPATH_W='echo'
DEFS='-DHAVE_CONFIG_H'
DEPDIR='.deps'
ECHO_C=''
ECHO_N='-n'
ECHO_T=''
EGREP='/usr/bin/grep -E'
EXEEXT=''
GREP='/usr/bin/grep'
INSTALL_DATA='${INSTALL} -m 644'
INSTALL_PROGRAM='${INSTALL}'
INSTALL_SCRIPT='${INSTALL}'
INSTALL_STRIP_PROGRAM='$(install_sh) -c -s'
LDFLAGS='-L./  -L/usr/local/lib '
LIBOBJS=''
LIBS='-lssl -lcrypto -lnsl '
LTLIBOBJS=''
MAKEINFO='${SHELL} /root/thc-tls-dos/config/missing --run makeinfo'
MKDIR_P='/usr/bin/mkdir -p'
OBJEXT='o'
PACKAGE='thc-ssl-dos'
PACKAGE_BUGREPORT=''
PACKAGE_NAME=''
PACKAGE_STRING=''
PACKAGE_TARNAME=''
PACKAGE_URL=''
PACKAGE_VERSION=''
PATH_SEPARATOR=':'
RANLIB='ranlib'
SET_MAKE=''
SHELL='/bin/bash'
STRIP=''
VERSION='1.4'
ac_ct_CC='gcc'
am__EXEEXT_FALSE=''
am__EXEEXT_TRUE='#'
am__fastdepCC_FALSE='#'
am__fastdepCC_TRUE=''
am__include='include'
am__isrc=''
am__leading_dot='.'
am__quote=''
am__tar='${AMTAR} chof - "$$tardir"'
am__untar='${AMTAR} xf -'
bindir='${exec_prefix}/bin'
build='x86_64-unknown-linux-gnu'
build_alias=''
build_cpu='x86_64'
build_os='linux-gnu'
build_vendor='unknown'
datadir='${datarootdir}'
datarootdir='${prefix}/share'
docdir='${datarootdir}/doc/${PACKAGE}'
dvidir='${docdir}'
exec_prefix='/usr/local'
host='x86_64-unknown-linux-gnu'
host_alias=''
host_cpu='x86_64'
host_os='linux-gnu'
host_vendor='unknown'
htmldir='${docdir}'
includedir='${prefix}/include'
infodir='${datarootdir}/info'
install_sh='${SHELL} /root/thc-tls-dos/config/install-sh'
libdir='${exec_prefix}/lib'
libexecdir='${exec_prefix}/libexec'
localedir='${datarootdir}/locale'
localstatedir='${prefix}/var'
mandir='${datarootdir}/man'
mkdir_p='/usr/bin/mkdir -p'
oldincludedir='/usr/include'
pdfdir='${docdir}'
prefix='/usr/local'
program_transform_name='s,x,x,'
psdir='${docdir}'
runstatedir='${localstatedir}/run'
sbindir='${exec_prefix}/sbin'
sharedstatedir='${prefix}/com'
sysconfdir='${prefix}/etc'
target='x86_64-unknown-linux-gnu'
target_alias=''
target_cpu='x86_64'
target_os='linux-gnu'
target_vendor='unknown'

## ----------- ##
## confdefs.h. ##
## ----------- ##

/* confdefs.h */
#define PACKAGE_NAME ""
#define PACKAGE_TARNAME ""
#define PACKAGE_VERSION ""
#define PACKAGE_STRING ""
#define PACKAGE_BUGREPORT ""
#define PACKAGE_URL ""
#define PACKAGE "thc-ssl-dos"
#define VERSION "1.4"
#define HAVE_DEVURANDOM 1
#define HAVE_LIBNSL 1
#define HAVE_LIBCRYPTO 1
#define HAVE_LIBSSL 1
#define STDC_HEADERS 1
#define HAVE_SYS_WAIT_H 1
#define HAVE_SYS_TYPES_H 1
#define HAVE_SYS_STAT_H 1
#define HAVE_STDLIB_H 1
#define HAVE_STRING_H 1
#define HAVE_MEMORY_H 1
#define HAVE_STRINGS_H 1
#define HAVE_INTTYPES_H 1
#define HAVE_STDINT_H 1
#define HAVE_UNISTD_H 1
#define HAVE_SYS_TIME_H 1
#define HAVE_UNISTD_H 1
#define HAVE_STRING_H 1
#define TIME_WITH_SYS_TIME 1
#define HAVE_U_INT32_T 1
#define HAVE_UINT32_T 1
#define HAVE_GETTIMEOFDAY 1
#define HAVE_MEMCPY 1
#define HAVE_STRCHR 1
#define HAVE_SNPRINTF 1
#define HAVE_VSNPRINTF 1
#define IS_UNIX 1

configure: exit 0

## ---------------------- ##
## Running config.status. ##
## ---------------------- ##

This file was extended by config.status, which was
generated by GNU Autoconf 2.69.  Invocation command line was

  CONFIG_FILES    = 
  CONFIG_HEADERS  = 
  CONFIG_LINKS    = 
  CONFIG_COMMANDS = 
  $ ./config.status 

on cis-gms-master-1

config.status:875: creating Makefile
config.status:875: creating src/Makefile
config.status:875: creating config.h
config.status:1056: config.h is unchanged
config.status:1104: executing depfiles commands

## ---------------------- ##
## Running config.status. ##
## ---------------------- ##

This file was extended by config.status, which was
generated by GNU Autoconf 2.69.  Invocation command line was

  CONFIG_FILES    = 
  CONFIG_HEADERS  = 
  CONFIG_LINKS    = 
  CONFIG_COMMANDS = 
  $ ./config.status config.h

on cis-gms-master-1

config.status:875: creating config.h
config.status:1056: config.h is unchanged
